<?xml version="1.0" encoding="UTF-8"?>
<!-- Generated by org.testng.reporters.JUnitReportReporter -->
<testsuite skipped="0" hostname="DESKTOP-EO69FH0" name="tests.DemoTest" tests="1" failures="0" timestamp="2021-02-04T21:34:27 CET" time="19.581" errors="0">
  <testcase name="test" time="19.581" classname="tests.DemoTest"/>
  <system-out/>
</testsuite> <!-- tests.DemoTest -->
