<?xml version="1.0" encoding="UTF-8"?>
<!-- Generated by org.testng.reporters.JUnitReportReporter -->
<testsuite skipped="0" hostname="DESKTOP-EO69FH0" name="tests.DemoTest" tests="1" failures="0" timestamp="2021-02-04T20:29:20 CET" time="12.429" errors="0">
  <testcase name="test" time="12.429" classname="tests.DemoTest"/>
  <system-out/>
</testsuite> <!-- tests.DemoTest -->
